📣 📣 NEW BSB PACKAGE 📣 📣
- location: /Users/jared/clone/tools/reason-language-server/examples/bs-5.1.0
- bsPlatform: /Users/jared/clone/tools/reason-language-server/examples/bs-5.1.0/node_modules/bs-platform
- buildSystem: bsb version 5.1.0
- build command: /Users/jared/clone/tools/reason-language-server/examples/bs-5.1.0/node_modules/bs-platform/lib/bsb.exe -make-world
>> Build system running: /Users/jared/clone/tools/reason-language-server/examples/bs-5.1.0/node_modules/bs-platform/lib/bsb.exe -make-world
>>> stdout
bsb: no work to do.
bsb: no work to do.
>>> stderr

Affected files: 
Cleaning bsconfig.json
Deps reason-react
Dep loc /Users/jared/clone/tools/reason-language-server/examples/bs-5.1.0/node_modules/reason-react/bsconfig.json
Compiled base: /Users/jared/clone/tools/reason-language-server/examples/bs-5.1.0/node_modules/reason-react/lib/bs
Source directories: /Users/jared/clone/tools/reason-language-server/examples/bs-5.1.0/node_modules/reason-react/src
Source files found: /Users/jared/clone/tools/reason-language-server/examples/bs-5.1.0/node_modules/reason-react/src/ReactDOMRe.re : /Users/jared/clone/tools/reason-language-server/examples/bs-5.1.0/node_modules/reason-react/src/ReactEventRe.rei : /Users/jared/clone/tools/reason-language-server/examples/bs-5.1.0/node_modules/reason-react/src/ReasonReact.re : /Users/jared/clone/tools/reason-language-server/examples/bs-5.1.0/node_modules/reason-react/src/ReasonReactOptimizedCreateClass.re : /Users/jared/clone/tools/reason-language-server/examples/bs-5.1.0/node_modules/reason-react/src/ReactDOMServerRe.re : /Users/jared/clone/tools/reason-language-server/examples/bs-5.1.0/node_modules/reason-react/src/ReactEventRe.re : /Users/jared/clone/tools/reason-language-server/examples/bs-5.1.0/node_modules/reason-react/src/ReasonReact.rei
Adding intf /Users/jared/clone/tools/reason-language-server/examples/bs-5.1.0/node_modules/reason-react/src/ReactEventRe.rei
Adding intf /Users/jared/clone/tools/reason-language-server/examples/bs-5.1.0/node_modules/reason-react/src/ReasonReact.rei
Bad source file (extension) /Users/jared/clone/tools/reason-language-server/examples/bs-5.1.0/node_modules/reason-react/src/ReactEventRe.rei
Bad source file (extension) /Users/jared/clone/tools/reason-language-server/examples/bs-5.1.0/node_modules/reason-react/src/ReasonReact.rei
Got source directories ./src
Source directories: /Users/jared/clone/tools/reason-language-server/examples/bs-5.1.0/src
Source files found: /Users/jared/clone/tools/reason-language-server/examples/bs-5.1.0/src/Component2.re : /Users/jared/clone/tools/reason-language-server/examples/bs-5.1.0/src/Component1.re : /Users/jared/clone/tools/reason-language-server/examples/bs-5.1.0/src/Index.re
adding namespace ReactTemplate : ReactTemplate : /Users/jared/clone/tools/reason-language-server/examples/bs-5.1.0/lib/bs/ReactTemplate.cmt
-- All local modules found: 4
ReactTemplate
impl /Users/jared/clone/tools/reason-language-server/examples/bs-5.1.0/lib/bs/ReactTemplate.cmt
Component2-ReactTemplate
impl /Users/jared/clone/tools/reason-language-server/examples/bs-5.1.0/lib/bs/src/Component2-ReactTemplate.cmt
Component1-ReactTemplate
impl /Users/jared/clone/tools/reason-language-server/examples/bs-5.1.0/lib/bs/src/Component1-ReactTemplate.cmt
Index-ReactTemplate
impl /Users/jared/clone/tools/reason-language-server/examples/bs-5.1.0/lib/bs/src/Index-ReactTemplate.cmt
############ Namespaced as ReactTemplate at /Users/jared/clone/tools/reason-language-server/examples/bs-5.1.0/lib/bs/ReactTemplate.cmt
Dependency dirs /Users/jared/clone/tools/reason-language-server/examples/bs-5.1.0/node_modules/bs-platform/lib/ocaml /Users/jared/clone/tools/reason-language-server/examples/bs-5.1.0/node_modules/reason-react/lib/bs/src
➡️ running bsc /Users/jared/clone/tools/reason-language-server/examples/bs-5.1.0/node_modules/bs-platform/lib/bsc.exe -c -I '/Users/jared/clone/tools/reason-language-server/examples/bs-5.1.0/lib/bs' -I '/Users/jared/clone/tools/reason-language-server/examples/bs-5.1.0/lib/bs/src' -I '/Users/jared/clone/tools/reason-language-server/examples/bs-5.1.0/node_modules/bs-platform/lib/ocaml' -I '/Users/jared/clone/tools/reason-language-server/examples/bs-5.1.0/node_modules/reason-react/lib/bs/src' -I '/Users/jared/clone/tools/reason-language-server/examples/bs-5.1.0/node_modules/bs-platform/lib/ocaml' -bin-annot -bs-no-builtin-ppx-ml -open ReactTemplate -ppx '/Users/jared/clone/tools/reason-language-server/examples/bs-5.1.0/node_modules/bs-platform/lib/bsppx.exe -bs-jsx 2' -nostdlib -w -30-40+6+7+27+32..39+44+45+101 -bs-re-out -impl /Users/jared/clone/tools/reason-language-server/examples/bs-5.1.0/node_modules/.lsp/Component2-ReactTemplate.ast with pwd /Users/jared/clone/tools/reason-language-server/examples/bs-5.1.0
Now loading /Users/jared/clone/tools/reason-language-server/examples/bs-5.1.0/node_modules/.lsp/Component2-ReactTemplate.cmt
Size 1229
ErrorText: Command /Users/jared/clone/tools/reason-language-server/examples/bs-5.1.0/node_modules/bs-platform/lib/bsc.exe -c -I '/Users/jared/clone/tools/reason-language-server/examples/bs-5.1.0/lib/bs' -I '/Users/jared/clone/tools/reason-language-server/examples/bs-5.1.0/lib/bs/src' -I '/Users/jared/clone/tools/reason-language-server/examples/bs-5.1.0/node_modules/bs-platform/lib/ocaml' -I '/Users/jared/clone/tools/reason-language-server/examples/bs-5.1.0/node_modules/reason-react/lib/bs/src' -I '/Users/jared/clone/tools/reason-language-server/examples/bs-5.1.0/node_modules/bs-platform/lib/ocaml' -bin-annot -bs-no-builtin-ppx-ml -open ReactTemplate -ppx '/Users/jared/clone/tools/reason-language-server/examples/bs-5.1.0/node_modules/bs-platform/lib/bsppx.exe -bs-jsx 2' -nostdlib -w -30-40+6+7+27+32..39+44+45+101 -bs-re-out -impl /Users/jared/clone/tools/reason-language-server/examples/bs-5.1.0/node_modules/.lsp/Component2-ReactTemplate.ast errored, with the following output:

File "", line 1:
Error: I/O error: : No such file or directory
➡️ running bsc /Users/jared/clone/tools/reason-language-server/examples/bs-5.1.0/node_modules/bs-platform/lib/bsc.exe -c -I '/Users/jared/clone/tools/reason-language-server/examples/bs-5.1.0/lib/bs' -I '/Users/jared/clone/tools/reason-language-server/examples/bs-5.1.0/lib/bs/src' -I '/Users/jared/clone/tools/reason-language-server/examples/bs-5.1.0/node_modules/bs-platform/lib/ocaml' -I '/Users/jared/clone/tools/reason-language-server/examples/bs-5.1.0/node_modules/reason-react/lib/bs/src' -I '/Users/jared/clone/tools/reason-language-server/examples/bs-5.1.0/node_modules/bs-platform/lib/ocaml' -bin-annot -bs-no-builtin-ppx-ml -open ReactTemplate -ppx '/Users/jared/clone/tools/reason-language-server/examples/bs-5.1.0/node_modules/bs-platform/lib/bsppx.exe -bs-jsx 2' -nostdlib -w -30-40+6+7+27+32..39+44+45+101 -bs-re-out -impl /Users/jared/clone/tools/reason-language-server/examples/bs-5.1.0/node_modules/.lsp/Component1-ReactTemplate.ast with pwd /Users/jared/clone/tools/reason-language-server/examples/bs-5.1.0
Now loading /Users/jared/clone/tools/reason-language-server/examples/bs-5.1.0/node_modules/.lsp/Component1-ReactTemplate.cmt
Size 1086
ErrorText: Command /Users/jared/clone/tools/reason-language-server/examples/bs-5.1.0/node_modules/bs-platform/lib/bsc.exe -c -I '/Users/jared/clone/tools/reason-language-server/examples/bs-5.1.0/lib/bs' -I '/Users/jared/clone/tools/reason-language-server/examples/bs-5.1.0/lib/bs/src' -I '/Users/jared/clone/tools/reason-language-server/examples/bs-5.1.0/node_modules/bs-platform/lib/ocaml' -I '/Users/jared/clone/tools/reason-language-server/examples/bs-5.1.0/node_modules/reason-react/lib/bs/src' -I '/Users/jared/clone/tools/reason-language-server/examples/bs-5.1.0/node_modules/bs-platform/lib/ocaml' -bin-annot -bs-no-builtin-ppx-ml -open ReactTemplate -ppx '/Users/jared/clone/tools/reason-language-server/examples/bs-5.1.0/node_modules/bs-platform/lib/bsppx.exe -bs-jsx 2' -nostdlib -w -30-40+6+7+27+32..39+44+45+101 -bs-re-out -impl /Users/jared/clone/tools/reason-language-server/examples/bs-5.1.0/node_modules/.lsp/Component1-ReactTemplate.ast errored, with the following output:

File "", line 1:
Error: I/O error: : No such file or directory
➡️ running bsc /Users/jared/clone/tools/reason-language-server/examples/bs-5.1.0/node_modules/bs-platform/lib/bsc.exe -c -I '/Users/jared/clone/tools/reason-language-server/examples/bs-5.1.0/lib/bs' -I '/Users/jared/clone/tools/reason-language-server/examples/bs-5.1.0/lib/bs/src' -I '/Users/jared/clone/tools/reason-language-server/examples/bs-5.1.0/node_modules/bs-platform/lib/ocaml' -I '/Users/jared/clone/tools/reason-language-server/examples/bs-5.1.0/node_modules/reason-react/lib/bs/src' -I '/Users/jared/clone/tools/reason-language-server/examples/bs-5.1.0/node_modules/bs-platform/lib/ocaml' -bin-annot -bs-no-builtin-ppx-ml -open ReactTemplate -ppx '/Users/jared/clone/tools/reason-language-server/examples/bs-5.1.0/node_modules/bs-platform/lib/bsppx.exe -bs-jsx 2' -nostdlib -w -30-40+6+7+27+32..39+44+45+101 -bs-re-out -impl /Users/jared/clone/tools/reason-language-server/examples/bs-5.1.0/node_modules/.lsp/Index-ReactTemplate.ast with pwd /Users/jared/clone/tools/reason-language-server/examples/bs-5.1.0
Now loading /Users/jared/clone/tools/reason-language-server/examples/bs-5.1.0/node_modules/.lsp/Index-ReactTemplate.cmt
Size 667
ErrorText: Command /Users/jared/clone/tools/reason-language-server/examples/bs-5.1.0/node_modules/bs-platform/lib/bsc.exe -c -I '/Users/jared/clone/tools/reason-language-server/examples/bs-5.1.0/lib/bs' -I '/Users/jared/clone/tools/reason-language-server/examples/bs-5.1.0/lib/bs/src' -I '/Users/jared/clone/tools/reason-language-server/examples/bs-5.1.0/node_modules/bs-platform/lib/ocaml' -I '/Users/jared/clone/tools/reason-language-server/examples/bs-5.1.0/node_modules/reason-react/lib/bs/src' -I '/Users/jared/clone/tools/reason-language-server/examples/bs-5.1.0/node_modules/bs-platform/lib/ocaml' -bin-annot -bs-no-builtin-ppx-ml -open ReactTemplate -ppx '/Users/jared/clone/tools/reason-language-server/examples/bs-5.1.0/node_modules/bs-platform/lib/bsppx.exe -bs-jsx 2' -nostdlib -w -30-40+6+7+27+32..39+44+45+101 -bs-re-out -impl /Users/jared/clone/tools/reason-language-server/examples/bs-5.1.0/node_modules/.lsp/Index-ReactTemplate.ast errored, with the following output:

File "", line 1:
Error: I/O error: : No such file or directory
